# JRE version: OpenJDK Runtime Environment (21.0.9) (build 21.0.9+-14649483-b1163.86)
# Java VM: OpenJDK 64-Bit Server VM (21.0.9+-14649483-b1163.86, mixed mode, tiered, compressed oops, compressed class ptrs, g1 gc, windows-amd64)
GC Precious Log:
 CardTable entry size: 512
 Card Set container configuration: InlinePtr #cards 5 size 8 Array Of Cards #cards 12 size 40 Howl #buckets 4 coarsen threshold 1843 Howl Bitmap #cards 512 size 80 coarsen threshold 460 Card regions per heap region 1 cards per card region 2048
 CPUs: 12 total, 12 available
 Memory: 6005M
 Large Page Support: Disabled
 NUMA Support: Disabled
 Compressed Oops: Enabled (32-bit)
 Heap Region Size: 1M
 Heap Min Capacity: 8M
 Heap Initial Capacity: 94M
 Heap Max Capacity: 2G
 Pre-touch: Disabled
 Parallel Workers: 10
 Concurrent Workers: 3
 Concurrent Refinement Workers: 10
 Periodic GC: Disabled
Heap:
 garbage-first heap   total 281600K, used 187198K [0x0000000080000000, 0x0000000100000000)
  region size 1024K, 43 young (44032K), 3 survivors (3072K)
 Metaspace       used 125665K, committed 128128K, reserved 1179648K
  class space    used 17947K, committed 19136K, reserved 1048576K
GC Heap History (20 events):
Event: 14.162 GC heap before
{Heap before GC invocations=35 (full 0):
 garbage-first heap   total 220160K, used 196581K [0x0000000080000000, 0x0000000100000000)
  region size 1024K, 111 young (113664K), 9 survivors (9216K)
 Metaspace       used 107862K, committed 110080K, reserved 1179648K
  class space    used 15299K, committed 16384K, reserved 1048576K
}
Event: 14.170 GC heap after
{Heap after GC invocations=36 (full 0):
 garbage-first heap   total 220160K, used 96369K [0x0000000080000000, 0x0000000100000000)
  region size 1024K, 8 young (8192K), 8 survivors (8192K)
 Metaspace       used 107862K, committed 110080K, reserved 1179648K
  class space    used 15299K, committed 16384K, reserved 1048576K
}
Event: 15.014 GC heap before
{Heap before GC invocations=36 (full 0):
 garbage-first heap   total 220160K, used 198769K [0x0000000080000000, 0x0000000100000000)
  region size 1024K, 108 young (110592K), 8 survivors (8192K)
 Metaspace       used 112321K, committed 114624K, reserved 1179648K
  class space    used 15870K, committed 17024K, reserved 1048576K
}
Event: 15.024 GC heap after
{Heap after GC invocations=37 (full 0):
 garbage-first heap   total 220160K, used 107520K [0x0000000080000000, 0x0000000100000000)
  region size 1024K, 14 young (14336K), 14 survivors (14336K)
 Metaspace       used 112321K, committed 114624K, reserved 1179648K
  class space    used 15870K, committed 17024K, reserved 1048576K
}
Event: 15.946 GC heap before
{Heap before GC invocations=38 (full 0):
 garbage-first heap   total 220160K, used 200704K [0x0000000080000000, 0x0000000100000000)
  region size 1024K, 101 young (103424K), 14 survivors (14336K)
 Metaspace       used 117002K, committed 119296K, reserved 1179648K
  class space    used 16429K, committed 17536K, reserved 1048576K
}
Event: 15.961 GC heap after
{Heap after GC invocations=39 (full 0):
 garbage-first heap   total 226304K, used 117474K [0x0000000080000000, 0x0000000100000000)
  region size 1024K, 9 young (9216K), 9 survivors (9216K)
 Metaspace       used 117002K, committed 119296K, reserved 1179648K
  class space    used 16429K, committed 17536K, reserved 1048576K
}
Event: 16.132 GC heap before
{Heap before GC invocations=39 (full 0):
 garbage-first heap   total 226304K, used 202466K [0x0000000080000000, 0x0000000100000000)
  region size 1024K, 93 young (95232K), 9 survivors (9216K)
 Metaspace       used 117007K, committed 119296K, reserved 1179648K
  class space    used 16429K, committed 17536K, reserved 1048576K
}
Event: 16.139 GC heap after
{Heap after GC invocations=40 (full 0):
 garbage-first heap   total 226304K, used 118801K [0x0000000080000000, 0x0000000100000000)
  region size 1024K, 3 young (3072K), 3 survivors (3072K)
 Metaspace       used 117007K, committed 119296K, reserved 1179648K
  class space    used 16429K, committed 17536K, reserved 1048576K
}
Event: 16.448 GC heap before
{Heap before GC invocations=40 (full 0):
 garbage-first heap   total 226304K, used 204817K [0x0000000080000000, 0x0000000100000000)
  region size 1024K, 88 young (90112K), 3 survivors (3072K)
 Metaspace       used 117392K, committed 119680K, reserved 1179648K
  class space    used 16473K, committed 17600K, reserved 1048576K
}
Event: 16.453 GC heap after
{Heap after GC invocations=41 (full 0):
 garbage-first heap   total 226304K, used 119387K [0x0000000080000000, 0x0000000100000000)
  region size 1024K, 3 young (3072K), 3 survivors (3072K)
 Metaspace       used 117392K, committed 119680K, reserved 1179648K
  class space    used 16473K, committed 17600K, reserved 1048576K
}
Event: 16.648 GC heap before
{Heap before GC invocations=42 (full 0):
 garbage-first heap   total 226304K, used 208475K [0x0000000080000000, 0x0000000100000000)
  region size 1024K, 91 young (93184K), 3 survivors (3072K)
 Metaspace       used 117424K, committed 119744K, reserved 1179648K
  class space    used 16474K, committed 17600K, reserved 1048576K
}
Event: 16.651 GC heap after
{Heap after GC invocations=43 (full 0):
 garbage-first heap   total 226304K, used 119974K [0x0000000080000000, 0x0000000100000000)
  region size 1024K, 4 young (4096K), 4 survivors (4096K)
 Metaspace       used 117424K, committed 119744K, reserved 1179648K
  class space    used 16474K, committed 17600K, reserved 1048576K
}
Event: 16.771 GC heap before
{Heap before GC invocations=43 (full 0):
 garbage-first heap   total 226304K, used 210086K [0x0000000080000000, 0x0000000100000000)
  region size 1024K, 93 young (95232K), 4 survivors (4096K)
 Metaspace       used 117452K, committed 119744K, reserved 1179648K
  class space    used 16474K, committed 17600K, reserved 1048576K
}
Event: 16.775 GC heap after
{Heap after GC invocations=44 (full 0):
 garbage-first heap   total 272384K, used 119536K [0x0000000080000000, 0x0000000100000000)
  region size 1024K, 5 young (5120K), 5 survivors (5120K)
 Metaspace       used 117452K, committed 119744K, reserved 1179648K
  class space    used 16474K, committed 17600K, reserved 1048576K
}
Event: 17.040 GC heap before
{Heap before GC invocations=44 (full 0):
 garbage-first heap   total 272384K, used 249584K [0x0000000080000000, 0x0000000100000000)
  region size 1024K, 133 young (136192K), 5 survivors (5120K)
 Metaspace       used 118464K, committed 120768K, reserved 1179648K
  class space    used 16672K, committed 17792K, reserved 1048576K
}
Event: 17.045 GC heap after
{Heap after GC invocations=45 (full 0):
 garbage-first heap   total 272384K, used 125154K [0x0000000080000000, 0x0000000100000000)
  region size 1024K, 10 young (10240K), 10 survivors (10240K)
 Metaspace       used 118464K, committed 120768K, reserved 1179648K
  class space    used 16672K, committed 17792K, reserved 1048576K
}
Event: 17.798 GC heap before
{Heap before GC invocations=45 (full 0):
 garbage-first heap   total 272384K, used 251106K [0x0000000080000000, 0x0000000100000000)
  region size 1024K, 134 young (137216K), 10 survivors (10240K)
 Metaspace       used 124119K, committed 126528K, reserved 1179648K
  class space    used 17603K, committed 18752K, reserved 1048576K
}
Event: 18.873 GC heap after
{Heap after GC invocations=46 (full 0):
 garbage-first heap   total 281600K, used 144120K [0x0000000080000000, 0x0000000100000000)
  region size 1024K, 17 young (17408K), 17 survivors (17408K)
 Metaspace       used 124119K, committed 126528K, reserved 1179648K
  class space    used 17603K, committed 18752K, reserved 1048576K
}
Event: 18.875 GC heap before
{Heap before GC invocations=46 (full 0):
 garbage-first heap   total 281600K, used 145144K [0x0000000080000000, 0x0000000100000000)
  region size 1024K, 18 young (18432K), 17 survivors (17408K)
 Metaspace       used 124121K, committed 126528K, reserved 1179648K
  class space    used 17603K, committed 18752K, reserved 1048576K
}
Event: 18.883 GC heap after
{Heap after GC invocations=47 (full 0):
 garbage-first heap   total 281600K, used 148286K [0x0000000080000000, 0x0000000100000000)
  region size 1024K, 3 young (3072K), 3 survivors (3072K)
 Metaspace       used 124121K, committed 126528K, reserved 1179648K
  class space    used 17603K, committed 18752K, reserved 1048576K
}

